
> frontend@0.0.0 dev
> vite


  [32m[1mVITE[22m v8.0.14[39m  [2mready in [0m[1m13638[22m[2m[0m ms[22m

  [32m➜[39m  [1mLocal[22m:   [36mhttp://localhost:[1m5173[22m/[39m
[2m  [32m➜[39m  [1mNetwork[22m[2m: use [22m[1m--host[22m[2m to expose[22m
[2m[32m  ➜[39m[22m[2m  press [22m[1mh + enter[22m[2m to show help[22m
[2m下午1:38:15[22m [36m[1m[vite][22m[39m [90m[2m(client)[22m[39m [32mhmr update [39m[2m/src/App.jsx[22m
[2m下午1:41:39[22m [36m[1m[vite][22m[39m [90m[2m(client)[22m[39m [32mhmr update [39m[2m/src/App.jsx[22m
[2m下午1:47:59[22m [36m[1m[vite][22m[39m [90m[2m(client)[22m[39m [32mhmr update [39m[2m/src/App.jsx[22m
[2m下午1:48:15[22m [36m[1m[vite][22m[39m [90m[2m(client)[22m[39m [32mhmr update [39m[2m/src/App.jsx[22m
[2m下午1:48:15[22m [31m[1m[vite][22m[39m [31mInternal server error: Transform failed with 1 error:

[31m[PARSE_ERROR] [0mExpected `,` or `)` but found `{`
      [38;5;246m╭[0m[38;5;246m─[0m[38;5;246m[[0m src/App.jsx:1951:13 [38;5;246m][0m
      [38;5;246m│[0m
 [38;5;246m1743 │[0m [38;5;249m [0m[38;5;249m [0m[38;5;249m [0m[38;5;249m [0m[38;5;249m [0m[38;5;249m [0m[38;5;249m [0m[38;5;249m [0m[38;5;249m [0m[38;5;249m [0m[38;5;249m [0m[38;5;249m [0m[38;5;249m{[0m[38;5;249ma[0m[38;5;249mc[0m[38;5;249mt[0m[38;5;249mi[0m[38;5;249mv[0m[38;5;249me[0m[38;5;249mV[0m[38;5;249mi[0m[38;5;249me[0m[38;5;249mw[0m[38;5;249m [0m[38;5;249m=[0m[38;5;249m=[0m[38;5;249m=[0m[38;5;249m [0m[38;5;249m'[0m[38;5;249ma[0m[38;5;249md[0m[38;5;249md[0m[38;5;249m_[0m[38;5;249mc[0m[38;5;249ma[0m[38;5;249mm[0m[38;5;249me[0m[38;5;249mr[0m[38;5;249ma[0m[38;5;249m'[0m[38;5;249m [0m[38;5;249m&[0m[38;5;249m&[0m[38;5;249m [0m([38;5;249m([0m[38;5;249m)[0m[38;5;249m [0m[38;5;249m=[0m[38;5;249m>[0m[38;5;249m [0m[38;5;249m{[0m
 [38;5;240m     │[0m                                             ┬  
 [38;5;240m     │[0m                                             ╰── Opened here
 [38;5;240m     │[0m 
 [38;5;246m1951 │[0m [38;5;249m [0m[38;5;249m [0m[38;5;249m [0m[38;5;249m [0m[38;5;249m [0m[38;5;249m [0m[38;5;249m [0m[38;5;249m [0m[38;5;249m [0m[38;5;249m [0m[38;5;249m [0m[38;5;249m [0m{[38;5;249m/[0m[38;5;249m*[0m[38;5;249m [0m[38;5;249m=[0m[38;5;249m=[0m[38;5;249m=[0m[38;5;249m=[0m[38;5;249m=[0m[38;5;249m=[0m[38;5;249m=[0m[38;5;249m=[0m[38;5;249m=[0m[38;5;249m=[0m[38;5;249m=[0m[38;5;249m=[0m[38;5;249m=[0m[38;5;249m=[0m[38;5;249m=[0m[38;5;249m=[0m[38;5;249m=[0m[38;5;249m [0m[38;5;249mS[0m[38;5;249mP[0m[38;5;249mA[0m[38;5;249m [0m[38;5;249m畫[0m[38;5;249m面[0m[38;5;249m [0m[38;5;249m5[0m[38;5;249m:[0m[38;5;249m [0m[38;5;249m搜[0m[38;5;249m尋[0m[38;5;249m與[0m[38;5;249m日[0m[38;5;249m誌[0m[38;5;249m [0m[38;5;249m([0m[38;5;249mS[0m[38;5;249me[0m[38;5;249ma[0m[38;5;249mr[0m[38;5;249mc[0m[38;5;249mh[0m[38;5;249m)[0m[38;5;249m [0m[38;5;249m=[0m[38;5;249m=[0m[38;5;249m=[0m[38;5;249m=[0m[38;5;249m=[0m[38;5;249m=[0m[38;5;249m=[0m[38;5;249m=[0m[38;5;249m=[0m[38;5;249m=[0m[38;5;249m=[0m[38;5;249m=[0m[38;5;249m=[0m[38;5;249m=[0m[38;5;249m=[0m[38;5;249m=[0m[38;5;249m=[0m[38;5;249m [0m[38;5;249m*[0m[38;5;249m/[0m[38;5;249m}[0m
 [38;5;240m     │[0m             ┬  
 [38;5;240m     │[0m             ╰── `,` or `)` expected
[38;5;246m──────╯[0m
[39m
  Plugin: [35mvite:oxc[39m
  File: [36mD:/MyDesktop/antigravity2.0/Fire_Detection/frontend/src/App.jsx[39m
      at transformWithOxc (file:///D:/MyDesktop/antigravity2.0/Fire_Detection/frontend/node_modules/vite/dist/node/chunks/node.js:3338:19)
      at TransformPluginContext.transform (file:///D:/MyDesktop/antigravity2.0/Fire_Detection/frontend/node_modules/vite/dist/node/chunks/node.js:3409:26)
      at EnvironmentPluginContainer.transform (file:///D:/MyDesktop/antigravity2.0/Fire_Detection/frontend/node_modules/vite/dist/node/chunks/node.js:30273:51)
      at async loadAndTransform (file:///D:/MyDesktop/antigravity2.0/Fire_Detection/frontend/node_modules/vite/dist/node/chunks/node.js:24532:26)
      at async viteTransformMiddleware (file:///D:/MyDesktop/antigravity2.0/Fire_Detection/frontend/node_modules/vite/dist/node/chunks/node.js:24326:20)
[2m下午1:49:01[22m [36m[1m[vite][22m[39m [90m[2m(client)[22m[39m [32mhmr update [39m[2m/src/App.jsx[22m
[2m下午1:49:01[22m [31m[1m[vite][22m[39m [31mInternal server error: Transform failed with 1 error:

[31m[PARSE_ERROR] [0mExpected `,` or `)` but found `{`
      [38;5;246m╭[0m[38;5;246m─[0m[38;5;246m[[0m src/App.jsx:1951:13 [38;5;246m][0m
      [38;5;246m│[0m
 [38;5;246m1743 │[0m [38;5;249m [0m[38;5;249m [0m[38;5;249m [0m[38;5;249m [0m[38;5;249m [0m[38;5;249m [0m[38;5;249m [0m[38;5;249m [0m[38;5;249m [0m[38;5;249m [0m[38;5;249m [0m[38;5;249m [0m[38;5;249m{[0m[38;5;249ma[0m[38;5;249mc[0m[38;5;249mt[0m[38;5;249mi[0m[38;5;249mv[0m[38;5;249me[0m[38;5;249mV[0m[38;5;249mi[0m[38;5;249me[0m[38;5;249mw[0m[38;5;249m [0m[38;5;249m=[0m[38;5;249m=[0m[38;5;249m=[0m[38;5;249m [0m[38;5;249m'[0m[38;5;249ma[0m[38;5;249md[0m[38;5;249md[0m[38;5;249m_[0m[38;5;249mc[0m[38;5;249ma[0m[38;5;249mm[0m[38;5;249me[0m[38;5;249mr[0m[38;5;249ma[0m[38;5;249m'[0m[38;5;249m [0m[38;5;249m&[0m[38;5;249m&[0m[38;5;249m [0m([38;5;249m([0m[38;5;249m)[0m[38;5;249m [0m[38;5;249m=[0m[38;5;249m>[0m[38;5;249m [0m[38;5;249m{[0m
 [38;5;240m     │[0m                                             ┬  
 [38;5;240m     │[0m                                             ╰── Opened here
 [38;5;240m     │[0m 
 [38;5;246m1951 │[0m [38;5;249m [0m[38;5;249m [0m[38;5;249m [0m[38;5;249m [0m[38;5;249m [0m[38;5;249m [0m[38;5;249m [0m[38;5;249m [0m[38;5;249m [0m[38;5;249m [0m[38;5;249m [0m[38;5;249m [0m{[38;5;249m/[0m[38;5;249m*[0m[38;5;249m [0m[38;5;249m=[0m[38;5;249m=[0m[38;5;249m=[0m[38;5;249m=[0m[38;5;249m=[0m[38;5;249m=[0m[38;5;249m=[0m[38;5;249m=[0m[38;5;249m=[0m[38;5;249m=[0m[38;5;249m=[0m[38;5;249m=[0m[38;5;249m=[0m[38;5;249m=[0m[38;5;249m=[0m[38;5;249m=[0m[38;5;249m=[0m[38;5;249m [0m[38;5;249mS[0m[38;5;249mP[0m[38;5;249mA[0m[38;5;249m [0m[38;5;249m畫[0m[38;5;249m面[0m[38;5;249m [0m[38;5;249m5[0m[38;5;249m:[0m[38;5;249m [0m[38;5;249m搜[0m[38;5;249m尋[0m[38;5;249m與[0m[38;5;249m日[0m[38;5;249m誌[0m[38;5;249m [0m[38;5;249m([0m[38;5;249mS[0m[38;5;249me[0m[38;5;249ma[0m[38;5;249mr[0m[38;5;249mc[0m[38;5;249mh[0m[38;5;249m)[0m[38;5;249m [0m[38;5;249m=[0m[38;5;249m=[0m[38;5;249m=[0m[38;5;249m=[0m[38;5;249m=[0m[38;5;249m=[0m[38;5;249m=[0m[38;5;249m=[0m[38;5;249m=[0m[38;5;249m=[0m[38;5;249m=[0m[38;5;249m=[0m[38;5;249m=[0m[38;5;249m=[0m[38;5;249m=[0m[38;5;249m=[0m[38;5;249m=[0m[38;5;249m [0m[38;5;249m*[0m[38;5;249m/[0m[38;5;249m}[0m
 [38;5;240m     │[0m             ┬  
 [38;5;240m     │[0m             ╰── `,` or `)` expected
[38;5;246m──────╯[0m
[39m
  Plugin: [35mvite:oxc[39m
  File: [36mD:/MyDesktop/antigravity2.0/Fire_Detection/frontend/src/App.jsx[39m
      at transformWithOxc (file:///D:/MyDesktop/antigravity2.0/Fire_Detection/frontend/node_modules/vite/dist/node/chunks/node.js:3338:19)
      at TransformPluginContext.transform (file:///D:/MyDesktop/antigravity2.0/Fire_Detection/frontend/node_modules/vite/dist/node/chunks/node.js:3409:26)
      at EnvironmentPluginContainer.transform (file:///D:/MyDesktop/antigravity2.0/Fire_Detection/frontend/node_modules/vite/dist/node/chunks/node.js:30273:51)
      at async loadAndTransform (file:///D:/MyDesktop/antigravity2.0/Fire_Detection/frontend/node_modules/vite/dist/node/chunks/node.js:24532:26)
      at async viteTransformMiddleware (file:///D:/MyDesktop/antigravity2.0/Fire_Detection/frontend/node_modules/vite/dist/node/chunks/node.js:24326:20)
[2m下午1:49:16[22m [36m[1m[vite][22m[39m [90m[2m(client)[22m[39m [32mhmr update [39m[2m/src/App.jsx[22m
[2m下午1:49:16[22m [31m[1m[vite][22m[39m [31mInternal server error: Transform failed with 1 error:

[31m[PARSE_ERROR] [0mExpected `,` or `)` but found `{`
      [38;5;246m╭[0m[38;5;246m─[0m[38;5;246m[[0m src/App.jsx:2005:13 [38;5;246m][0m
      [38;5;246m│[0m
 [38;5;246m1743 │[0m [38;5;249m [0m[38;5;249m [0m[38;5;249m [0m[38;5;249m [0m[38;5;249m [0m[38;5;249m [0m[38;5;249m [0m[38;5;249m [0m[38;5;249m [0m[38;5;249m [0m[38;5;249m [0m[38;5;249m [0m[38;5;249m{[0m[38;5;249ma[0m[38;5;249mc[0m[38;5;249mt[0m[38;5;249mi[0m[38;5;249mv[0m[38;5;249me[0m[38;5;249mV[0m[38;5;249mi[0m[38;5;249me[0m[38;5;249mw[0m[38;5;249m [0m[38;5;249m=[0m[38;5;249m=[0m[38;5;249m=[0m[38;5;249m [0m[38;5;249m'[0m[38;5;249ma[0m[38;5;249md[0m[38;5;249md[0m[38;5;249m_[0m[38;5;249mc[0m[38;5;249ma[0m[38;5;249mm[0m[38;5;249me[0m[38;5;249mr[0m[38;5;249ma[0m[38;5;249m'[0m[38;5;249m [0m[38;5;249m&[0m[38;5;249m&[0m[38;5;249m [0m([38;5;249m([0m[38;5;249m)[0m[38;5;249m [0m[38;5;249m=[0m[38;5;249m>[0m[38;5;249m [0m[38;5;249m{[0m
 [38;5;240m     │[0m                                             ┬  
 [38;5;240m     │[0m                                             ╰── Opened here
 [38;5;240m     │[0m 
 [38;5;246m2005 │[0m [38;5;249m [0m[38;5;249m [0m[38;5;249m [0m[38;5;249m [0m[38;5;249m [0m[38;5;249m [0m[38;5;249m [0m[38;5;249m [0m[38;5;249m [0m[38;5;249m [0m[38;5;249m [0m[38;5;249m [0m{[38;5;249m/[0m[38;5;249m*[0m[38;5;249m [0m[38;5;249m=[0m[38;5;249m=[0m[38;5;249m=[0m[38;5;249m=[0m[38;5;249m=[0m[38;5;249m=[0m[38;5;249m=[0m[38;5;249m=[0m[38;5;249m=[0m[38;5;249m=[0m[38;5;249m=[0m[38;5;249m=[0m[38;5;249m=[0m[38;5;249m=[0m[38;5;249m=[0m[38;5;249m=[0m[38;5;249m=[0m[38;5;249m [0m[38;5;249mS[0m[38;5;249mP[0m[38;5;249mA[0m[38;5;249m [0m[38;5;249m畫[0m[38;5;249m面[0m[38;5;249m [0m[38;5;249m5[0m[38;5;249m:[0m[38;5;249m [0m[38;5;249m搜[0m[38;5;249m尋[0m[38;5;249m與[0m[38;5;249m日[0m[38;5;249m誌[0m[38;5;249m [0m[38;5;249m([0m[38;5;249mS[0m[38;5;249me[0m[38;5;249ma[0m[38;5;249mr[0m[38;5;249mc[0m[38;5;249mh[0m[38;5;249m)[0m[38;5;249m [0m[38;5;249m=[0m[38;5;249m=[0m[38;5;249m=[0m[38;5;249m=[0m[38;5;249m=[0m[38;5;249m=[0m[38;5;249m=[0m[38;5;249m=[0m[38;5;249m=[0m[38;5;249m=[0m[38;5;249m=[0m[38;5;249m=[0m[38;5;249m=[0m[38;5;249m=[0m[38;5;249m=[0m[38;5;249m=[0m[38;5;249m=[0m[38;5;249m [0m[38;5;249m*[0m[38;5;249m/[0m[38;5;249m}[0m
 [38;5;240m     │[0m             ┬  
 [38;5;240m     │[0m             ╰── `,` or `)` expected
[38;5;246m──────╯[0m
[39m
  Plugin: [35mvite:oxc[39m
  File: [36mD:/MyDesktop/antigravity2.0/Fire_Detection/frontend/src/App.jsx[39m
      at transformWithOxc (file:///D:/MyDesktop/antigravity2.0/Fire_Detection/frontend/node_modules/vite/dist/node/chunks/node.js:3338:19)
      at TransformPluginContext.transform (file:///D:/MyDesktop/antigravity2.0/Fire_Detection/frontend/node_modules/vite/dist/node/chunks/node.js:3409:26)
      at EnvironmentPluginContainer.transform (file:///D:/MyDesktop/antigravity2.0/Fire_Detection/frontend/node_modules/vite/dist/node/chunks/node.js:30273:51)
      at async loadAndTransform (file:///D:/MyDesktop/antigravity2.0/Fire_Detection/frontend/node_modules/vite/dist/node/chunks/node.js:24532:26)
      at async viteTransformMiddleware (file:///D:/MyDesktop/antigravity2.0/Fire_Detection/frontend/node_modules/vite/dist/node/chunks/node.js:24326:20)
[2m下午1:49:39[22m [36m[1m[vite][22m[39m [90m[2m(client)[22m[39m [32mhmr update [39m[2m/src/App.jsx[22m
[2m下午1:49:39[22m [31m[1m[vite][22m[39m [31mInternal server error: Transform failed with 1 error:

[31m[PARSE_ERROR] [0mExpected a semicolon or an implicit semicolon after a statement, but found none
      [38;5;246m╭[0m[38;5;246m─[0m[38;5;246m[[0m src/App.jsx:2003:14 [38;5;246m][0m
      [38;5;246m│[0m
 [38;5;246m2003 │[0m [38;5;249m [0m[38;5;249m [0m[38;5;249m [0m[38;5;249m [0m[38;5;249m [0m[38;5;249m [0m[38;5;249m [0m[38;5;249m [0m[38;5;249m [0m[38;5;249m [0m[38;5;249m [0m[38;5;249m [0m[38;5;249m)[0m[38;5;249m)[0m[38;5;249m([0m[38;5;249m)[0m[38;5;249m}[0m
 [38;5;240m     │[0m              │ 
 [38;5;240m     │[0m              ╰─ 
 [38;5;240m     │[0m 
 [38;5;240m     │[0m [38;5;115mHelp[0m: Try inserting a semicolon here
[38;5;246m──────╯[0m
[39m
  Plugin: [35mvite:oxc[39m
  File: [36mD:/MyDesktop/antigravity2.0/Fire_Detection/frontend/src/App.jsx[39m
      at transformWithOxc (file:///D:/MyDesktop/antigravity2.0/Fire_Detection/frontend/node_modules/vite/dist/node/chunks/node.js:3338:19)
      at TransformPluginContext.transform (file:///D:/MyDesktop/antigravity2.0/Fire_Detection/frontend/node_modules/vite/dist/node/chunks/node.js:3409:26)
      at EnvironmentPluginContainer.transform (file:///D:/MyDesktop/antigravity2.0/Fire_Detection/frontend/node_modules/vite/dist/node/chunks/node.js:30273:51)
      at async loadAndTransform (file:///D:/MyDesktop/antigravity2.0/Fire_Detection/frontend/node_modules/vite/dist/node/chunks/node.js:24532:26)
      at async viteTransformMiddleware (file:///D:/MyDesktop/antigravity2.0/Fire_Detection/frontend/node_modules/vite/dist/node/chunks/node.js:24326:20)
[2m下午1:49:48[22m [36m[1m[vite][22m[39m [90m[2m(client)[22m[39m [32mhmr update [39m[2m/src/App.jsx[22m
[2m下午1:49:48[22m [31m[1m[vite][22m[39m [31mInternal server error: Transform failed with 1 error:

[31m[PARSE_ERROR] [0mExpected `,` or `)` but found `{`
      [38;5;246m╭[0m[38;5;246m─[0m[38;5;246m[[0m src/App.jsx:2005:13 [38;5;246m][0m
      [38;5;246m│[0m
 [38;5;246m1743 │[0m [38;5;249m [0m[38;5;249m [0m[38;5;249m [0m[38;5;249m [0m[38;5;249m [0m[38;5;249m [0m[38;5;249m [0m[38;5;249m [0m[38;5;249m [0m[38;5;249m [0m[38;5;249m [0m[38;5;249m [0m[38;5;249m{[0m[38;5;249ma[0m[38;5;249mc[0m[38;5;249mt[0m[38;5;249mi[0m[38;5;249mv[0m[38;5;249me[0m[38;5;249mV[0m[38;5;249mi[0m[38;5;249me[0m[38;5;249mw[0m[38;5;249m [0m[38;5;249m=[0m[38;5;249m=[0m[38;5;249m=[0m[38;5;249m [0m[38;5;249m'[0m[38;5;249ma[0m[38;5;249md[0m[38;5;249md[0m[38;5;249m_[0m[38;5;249mc[0m[38;5;249ma[0m[38;5;249mm[0m[38;5;249me[0m[38;5;249mr[0m[38;5;249ma[0m[38;5;249m'[0m[38;5;249m [0m[38;5;249m&[0m[38;5;249m&[0m[38;5;249m [0m([38;5;249m([0m[38;5;249m)[0m[38;5;249m [0m[38;5;249m=[0m[38;5;249m>[0m[38;5;249m [0m[38;5;249m{[0m
 [38;5;240m     │[0m                                             ┬  
 [38;5;240m     │[0m                                             ╰── Opened here
 [38;5;240m     │[0m 
 [38;5;246m2005 │[0m [38;5;249m [0m[38;5;249m [0m[38;5;249m [0m[38;5;249m [0m[38;5;249m [0m[38;5;249m [0m[38;5;249m [0m[38;5;249m [0m[38;5;249m [0m[38;5;249m [0m[38;5;249m [0m[38;5;249m [0m{[38;5;249m/[0m[38;5;249m*[0m[38;5;249m [0m[38;5;249m=[0m[38;5;249m=[0m[38;5;249m=[0m[38;5;249m=[0m[38;5;249m=[0m[38;5;249m=[0m[38;5;249m=[0m[38;5;249m=[0m[38;5;249m=[0m[38;5;249m=[0m[38;5;249m=[0m[38;5;249m=[0m[38;5;249m=[0m[38;5;249m=[0m[38;5;249m=[0m[38;5;249m=[0m[38;5;249m=[0m[38;5;249m [0m[38;5;249mS[0m[38;5;249mP[0m[38;5;249mA[0m[38;5;249m [0m[38;5;249m畫[0m[38;5;249m面[0m[38;5;249m [0m[38;5;249m5[0m[38;5;249m:[0m[38;5;249m [0m[38;5;249m搜[0m[38;5;249m尋[0m[38;5;249m與[0m[38;5;249m日[0m[38;5;249m誌[0m[38;5;249m [0m[38;5;249m([0m[38;5;249mS[0m[38;5;249me[0m[38;5;249ma[0m[38;5;249mr[0m[38;5;249mc[0m[38;5;249mh[0m[38;5;249m)[0m[38;5;249m [0m[38;5;249m=[0m[38;5;249m=[0m[38;5;249m=[0m[38;5;249m=[0m[38;5;249m=[0m[38;5;249m=[0m[38;5;249m=[0m[38;5;249m=[0m[38;5;249m=[0m[38;5;249m=[0m[38;5;249m=[0m[38;5;249m=[0m[38;5;249m=[0m[38;5;249m=[0m[38;5;249m=[0m[38;5;249m=[0m[38;5;249m=[0m[38;5;249m [0m[38;5;249m*[0m[38;5;249m/[0m[38;5;249m}[0m
 [38;5;240m     │[0m             ┬  
 [38;5;240m     │[0m             ╰── `,` or `)` expected
[38;5;246m──────╯[0m
[39m
  Plugin: [35mvite:oxc[39m
  File: [36mD:/MyDesktop/antigravity2.0/Fire_Detection/frontend/src/App.jsx[39m
      at transformWithOxc (file:///D:/MyDesktop/antigravity2.0/Fire_Detection/frontend/node_modules/vite/dist/node/chunks/node.js:3338:19)
      at TransformPluginContext.transform (file:///D:/MyDesktop/antigravity2.0/Fire_Detection/frontend/node_modules/vite/dist/node/chunks/node.js:3409:26)
      at EnvironmentPluginContainer.transform (file:///D:/MyDesktop/antigravity2.0/Fire_Detection/frontend/node_modules/vite/dist/node/chunks/node.js:30273:51)
      at async loadAndTransform (file:///D:/MyDesktop/antigravity2.0/Fire_Detection/frontend/node_modules/vite/dist/node/chunks/node.js:24532:26)
      at async viteTransformMiddleware (file:///D:/MyDesktop/antigravity2.0/Fire_Detection/frontend/node_modules/vite/dist/node/chunks/node.js:24326:20)
[2m下午1:50:08[22m [36m[1m[vite][22m[39m [90m[2m(client)[22m[39m [32mhmr update [39m[2m/src/App.jsx[22m
[2m下午1:50:08[22m [31m[1m[vite][22m[39m [31mInternal server error: Transform failed with 1 error:

[31m[PARSE_ERROR] [0mExpected `,` or `)` but found `{`
      [38;5;246m╭[0m[38;5;246m─[0m[38;5;246m[[0m src/App.jsx:2017:13 [38;5;246m][0m
      [38;5;246m│[0m
 [38;5;246m1755 │[0m [38;5;249m [0m[38;5;249m [0m[38;5;249m [0m[38;5;249m [0m[38;5;249m [0m[38;5;249m [0m[38;5;249m [0m[38;5;249m [0m[38;5;249m [0m[38;5;249m [0m[38;5;249m [0m[38;5;249m [0m[38;5;249m{[0m[38;5;249ma[0m[38;5;249mc[0m[38;5;249mt[0m[38;5;249mi[0m[38;5;249mv[0m[38;5;249me[0m[38;5;249mV[0m[38;5;249mi[0m[38;5;249me[0m[38;5;249mw[0m[38;5;249m [0m[38;5;249m=[0m[38;5;249m=[0m[38;5;249m=[0m[38;5;249m [0m[38;5;249m'[0m[38;5;249ma[0m[38;5;249md[0m[38;5;249md[0m[38;5;249m_[0m[38;5;249mc[0m[38;5;249ma[0m[38;5;249mm[0m[38;5;249me[0m[38;5;249mr[0m[38;5;249ma[0m[38;5;249m'[0m[38;5;249m [0m[38;5;249m&[0m[38;5;249m&[0m[38;5;249m [0m([38;5;249m([0m[38;5;249m)[0m[38;5;249m [0m[38;5;249m=[0m[38;5;249m>[0m[38;5;249m [0m[38;5;249m{[0m
 [38;5;240m     │[0m                                             ┬  
 [38;5;240m     │[0m                                             ╰── Opened here
 [38;5;240m     │[0m 
 [38;5;246m2017 │[0m [38;5;249m [0m[38;5;249m [0m[38;5;249m [0m[38;5;249m [0m[38;5;249m [0m[38;5;249m [0m[38;5;249m [0m[38;5;249m [0m[38;5;249m [0m[38;5;249m [0m[38;5;249m [0m[38;5;249m [0m{[38;5;249m/[0m[38;5;249m*[0m[38;5;249m [0m[38;5;249m=[0m[38;5;249m=[0m[38;5;249m=[0m[38;5;249m=[0m[38;5;249m=[0m[38;5;249m=[0m[38;5;249m=[0m[38;5;249m=[0m[38;5;249m=[0m[38;5;249m=[0m[38;5;249m=[0m[38;5;249m=[0m[38;5;249m=[0m[38;5;249m=[0m[38;5;249m=[0m[38;5;249m=[0m[38;5;249m=[0m[38;5;249m [0m[38;5;249mS[0m[38;5;249mP[0m[38;5;249mA[0m[38;5;249m [0m[38;5;249m畫[0m[38;5;249m面[0m[38;5;249m [0m[38;5;249m5[0m[38;5;249m:[0m[38;5;249m [0m[38;5;249m搜[0m[38;5;249m尋[0m[38;5;249m與[0m[38;5;249m日[0m[38;5;249m誌[0m[38;5;249m [0m[38;5;249m([0m[38;5;249mS[0m[38;5;249me[0m[38;5;249ma[0m[38;5;249mr[0m[38;5;249mc[0m[38;5;249mh[0m[38;5;249m)[0m[38;5;249m [0m[38;5;249m=[0m[38;5;249m=[0m[38;5;249m=[0m[38;5;249m=[0m[38;5;249m=[0m[38;5;249m=[0m[38;5;249m=[0m[38;5;249m=[0m[38;5;249m=[0m[38;5;249m=[0m[38;5;249m=[0m[38;5;249m=[0m[38;5;249m=[0m[38;5;249m=[0m[38;5;249m=[0m[38;5;249m=[0m[38;5;249m=[0m[38;5;249m [0m[38;5;249m*[0m[38;5;249m/[0m[38;5;249m}[0m
 [38;5;240m     │[0m             ┬  
 [38;5;240m     │[0m             ╰── `,` or `)` expected
[38;5;246m──────╯[0m
[39m
  Plugin: [35mvite:oxc[39m
  File: [36mD:/MyDesktop/antigravity2.0/Fire_Detection/frontend/src/App.jsx[39m
      at transformWithOxc (file:///D:/MyDesktop/antigravity2.0/Fire_Detection/frontend/node_modules/vite/dist/node/chunks/node.js:3338:19)
      at TransformPluginContext.transform (file:///D:/MyDesktop/antigravity2.0/Fire_Detection/frontend/node_modules/vite/dist/node/chunks/node.js:3409:26)
      at EnvironmentPluginContainer.transform (file:///D:/MyDesktop/antigravity2.0/Fire_Detection/frontend/node_modules/vite/dist/node/chunks/node.js:30273:51)
      at async loadAndTransform (file:///D:/MyDesktop/antigravity2.0/Fire_Detection/frontend/node_modules/vite/dist/node/chunks/node.js:24532:26)
      at async viteTransformMiddleware (file:///D:/MyDesktop/antigravity2.0/Fire_Detection/frontend/node_modules/vite/dist/node/chunks/node.js:24326:20)
[2m下午1:50:31[22m [36m[1m[vite][22m[39m [90m[2m(client)[22m[39m [32mhmr update [39m[2m/src/App.jsx[22m
[2m下午2:01:37[22m [36m[1m[vite][22m[39m [90m[2m(client)[22m[39m [32mhmr update [39m[2m/src/App.jsx[22m
[2m下午2:01:47[22m [36m[1m[vite][22m[39m [90m[2m(client)[22m[39m [32mhmr update [39m[2m/src/App.jsx[22m
[2m下午2:04:15[22m [36m[1m[vite][22m[39m [90m[2m(client)[22m[39m [32mhmr update [39m[2m/src/App.jsx[22m
[2m下午2:04:23[22m [36m[1m[vite][22m[39m [90m[2m(client)[22m[39m [32mhmr update [39m[2m/src/App.jsx[22m
